[
  {
    "message": "need token",
    "code": 400,
    "time": 1734291576091
  },
  {
    "message": "need token",
    "code": 400,
    "time": 1734291576102
  },
  {
    "message": "need token",
    "code": 400,
    "time": 1734291576108
  },
  {
    "message": "need token",
    "code": 400,
    "time": 1734291576113
  },
  {
    "message": "need token",
    "code": 400,
    "time": 1734291576119
  },
  {
    "message": "need token",
    "code": 400,
    "time": 1734291576127
  },
  {
    "message": "need token",
    "code": 400,
    "time": 1734292675076
  },
  {
    "message": "need token",
    "code": 400,
    "time": 1734292675091
  },
  {
    "message": "need token",
    "code": 400,
    "time": 1734292675096
  },
  {
    "message": "need token",
    "code": 400,
    "time": 1734292686717
  }
]